ID3004_164903 30.04 16:49:16>	Loaded data 249996 instances for 101 classes: 2475 traces per class, 5000 Tor cells per trace
ID3004_164903 30.04 16:49:16>	Experiment 1: seed 18
ID3004_170324 30.04 17:03:37>	Loaded data 249996 instances for 101 classes: 2475 traces per class, 5000 Tor cells per trace
ID3004_170324 30.04 17:03:37>	Experiment 1: seed 18
ID3004_170918 30.04 17:09:31>	Loaded data 249996 instances for 101 classes: 2475 traces per class, 5000 Tor cells per trace
ID3004_170918 30.04 17:09:31>	Experiment 1: seed 18
ID0105_153633 01.05 15:36:45>	Loaded data 249996 instances for 101 classes: 2475 traces per class, 5000 Tor cells per trace
ID0105_153633 01.05 15:36:45>	Experiment 1: seed 18
ID0105_161520 01.05 16:15:33>	Loaded data 249996 instances for 101 classes: 2475 traces per class, 5000 Tor cells per trace
ID0105_161520 01.05 16:15:33>	Experiment 1: seed 18
ID0105_162209 01.05 16:22:22>	Loaded data 249996 instances for 101 classes: 2475 traces per class, 5000 Tor cells per trace
ID0105_162209 01.05 16:22:22>	Experiment 1: seed 18
ID0105_162459 01.05 16:25:19>	Loaded data 249996 instances for 101 classes: 2475 traces per class, 5000 Tor cells per trace
ID0105_162459 01.05 16:25:19>	Experiment 1: seed 18
ID0105_162605 01.05 16:26:21>	Loaded data 249983 instances for 100 classes: 2499 traces per class, 5000 Tor cells per trace
ID0105_162605 01.05 16:26:21>	Experiment 1: seed 18
ID0205_071326 02.05 07:13:49>	Loaded data 249983 instances for 100 classes: 2499 traces per class, 5000 Tor cells per trace
ID0205_071326 02.05 07:13:49>	Experiment 1: seed 18
ID0205_071422 02.05 07:14:40>	Loaded data 249983 instances for 100 classes: 2499 traces per class, 5000 Tor cells per trace
ID0205_071422 02.05 07:14:40>	Experiment 1: seed 18
ID0205_071422 02.05 08:04:21>	Training took 2980.35 sec
ID0205_082028 02.05 08:20:50>	Loaded data 249983 instances for 100 classes: 2499 traces per class, 5000 Tor cells per trace
ID0205_082028 02.05 08:20:50>	Experiment 1: seed 18
ID0205_082028 02.05 09:10:17>	Training took 2965.99 sec
ID0205_082028 02.05 10:14:14>	Test loss(entropy):	4.9325
ID0205_082028 02.05 10:14:14>	Test accuracy:	0.0103
ID0205_082028 02.05 10:14:14>	Test took 3836.44 sec
